

Microchip MPLAB XC8 Assembler V2.30 build 20200825195618 
                                                                                               Wed Apr 07 11:23:31 2021

Microchip MPLAB XC8 C Compiler v2.30 (Free license) build 20200825195618 Og1 
     1                           	processor	18F27J53
     2                           	fnconf	rparam,??,?,0
     3                           	pagewidth 120
     4                           	opt	flic
     5                           	psect	smallconst,global,reloc=2,class=SMALLCONST,delta=1,noexec
     6                           	psect	cinit,global,reloc=2,class=CODE,delta=1
     7                           	psect	cstackCOMRAM,global,class=COMRAM,space=1,delta=1,lowdata,noexec
     8                           	psect	text0,global,reloc=2,class=CODE,delta=1
     9                           	psect	text1,global,reloc=2,class=CODE,delta=1
    10                           	psect	text2,global,reloc=2,class=CODE,delta=1
    11                           	psect	text3,global,reloc=2,class=CODE,delta=1
    12                           	psect	text4,global,reloc=2,class=CODE,delta=1
    13                           	psect	text5,global,reloc=2,class=CODE,delta=1
    14                           	psect	text6,global,reloc=2,class=CODE,delta=1,group=1
    15                           	psect	text7,global,reloc=2,class=CODE,delta=1
    16                           	psect	text8,global,reloc=2,class=CODE,delta=1
    17                           	psect	text9,global,reloc=2,class=CODE,delta=1
    18                           	psect	text10,global,reloc=2,class=CODE,delta=1
    19                           	psect	intsave_regs,global,class=BIGRAM,space=1,delta=1,noexec
    20                           	psect	rparam,global,class=COMRAM,space=1,delta=1,noexec
    21                           	psect	config,global,abs,ovrld,class=CONFIG,space=4,delta=1,noexec
    22  0000                     
    23                           ; Version 2.20
    24                           ; Generated 29/04/2020 GMT
    25                           ; 
    26                           ; Copyright © 2020, Microchip Technology Inc. and its subsidiaries ("Microchip")
    27                           ; All rights reserved.
    28                           ; 
    29                           ; This software is developed by Microchip Technology Inc. and its subsidiaries ("Microch
      +                          ip").
    30                           ; 
    31                           ; Redistribution and use in source and binary forms, with or without modification, are
    32                           ; permitted provided that the following conditions are met:
    33                           ; 
    34                           ;     1. Redistributions of source code must retain the above copyright notice, this lis
      +                          t of
    35                           ;        conditions and the following disclaimer.
    36                           ; 
    37                           ;     2. Redistributions in binary form must reproduce the above copyright notice, this 
      +                          list
    38                           ;        of conditions and the following disclaimer in the documentation and/or other
    39                           ;        materials provided with the distribution.
    40                           ; 
    41                           ;     3. Microchip's name may not be used to endorse or promote products derived from th
      +                          is
    42                           ;        software without specific prior written permission.
    43                           ; 
    44                           ; THIS SOFTWARE IS PROVIDED BY MICROCHIP "AS IS" AND ANY EXPRESS OR IMPLIED WARRANTIES,
    45                           ; INCLUDING, BUT NOT LIMITED TO, THE IMPLIED WARRANTIES OF MERCHANTABILITY AND FITNESS F
      +                          OR
    46                           ; PURPOSE ARE DISCLAIMED.  IN NO EVENT SHALL MICROCHIP BE LIABLE FOR ANY DIRECT, INDIREC
      +                          T,
    47                           ; INCIDENTAL, SPECIAL, EXEMPLARY, OR CONSEQUENTIAL DAMAGES (INCLUDING BUT NOT LIMITED TO
    48                           ; PROCUREMENT OF SUBSTITUTE GOODS OR SERVICES; LOSS OF USE, DATA OR PROFITS; OR BUSINESS
    49                           ; INTERRUPTION) HOWSOEVER CAUSED AND ON ANY THEORY OF LIABILITY, WHETHER IN CONTRACT, ST
      +                          RICT
    50                           ; LIABILITY, OR TORT (INCLUDING NEGLIGENCE OR OTHERWISE) ARISING IN ANY WAY OUT OF THE U
      +                          SE OF
    51                           ; THIS SOFTWARE, EVEN IF ADVISED OF THE POSSIBILITY OF SUCH DAMAGE.
    52                           ; 
    53                           ; 
    54                           ; Code-generator required, PIC18F27J53 Definitions
    55                           ; 
    56                           ; SFR Addresses
    57  0000                     
    58                           	psect	smallconst
    59  000F00                     __psmallconst:
    60                           	callstack 0
    61  000F00  00                 	db	0
    62  000F01                     _spi1_configuration:
    63                           	callstack 0
    64  000F01  00                 	db	0
    65  000F02  40                 	db	64
    66  000F03  01                 	db	1
    67  000F04  00                 	db	0
    68  000F05                     __end_of_spi1_configuration:
    69                           	callstack 0
    70  0000                     _ODCON3	set	3904
    71  0000                     _ODCON2	set	3905
    72  0000                     _ODCON1	set	3906
    73  0000                     _ANCON1	set	3913
    74  0000                     _ANCON0	set	3912
    75  0000                     _REFOCON	set	3901
    76  0000                     _PORTAbits	set	3968
    77  0000                     _LATAbits	set	3977
    78  0000                     _LATBbits	set	3978
    79  0000                     _INTCONbits	set	4082
    80  0000                     _INTCON2bits	set	4081
    81  0000                     _TRISC	set	3988
    82  0000                     _TRISB	set	3987
    83  0000                     _TRISA	set	3986
    84  0000                     _LATC	set	3979
    85  0000                     _LATB	set	3978
    86  0000                     _LATA	set	3977
    87  0000                     _OSCCON2	set	3975
    88  0000                     _OSCTUNE	set	3995
    89  0000                     _OSCCON	set	4051
    90  0000                     _PIR1bits	set	3998
    91  0000                     _SSP1BUF	set	4041
    92  0000                     _SSP1CON2	set	4037
    93  0000                     _SSP1CON1bits	set	4038
    94  0000                     _TRISBbits	set	3987
    95  0000                     _SSP1ADD	set	4040
    96  0000                     _SSP1CON1	set	4038
    97  0000                     _SSP1STAT	set	4039
    98  000F05  00                 	db	0	; dummy byte at the end
    99  0000                     
   100                           ; #config settings
   101                           
   102                           	psect	cinit
   103  00123A                     __pcinit:
   104                           	callstack 0
   105  00123A                     start_initialization:
   106                           	callstack 0
   107  00123A                     __initialization:
   108                           	callstack 0
   109  00123A                     end_of_initialization:
   110                           	callstack 0
   111  00123A                     __end_of__initialization:
   112                           	callstack 0
   113  00123A  0E00               	movlw	low (__Lsmallconst shr (0+16))
   114  00123C  6EF8               	movwf	tblptru,c
   115  00123E  0E0F               	movlw	high __Lsmallconst
   116  001240  6EF7               	movwf	tblptrh,c
   117  001242  0100               	movlb	0
   118  001244  EF8D  F008         	goto	_main	;jump to C main() function
   119                           
   120                           	psect	cstackCOMRAM
   121  000001                     __pcstackCOMRAM:
   122                           	callstack 0
   123  000001                     ??_SPI1_Open:
   124  000001                     ?___lldiv:
   125                           	callstack 0
   126  000001                     SPI1_WriteByte@byte:
   127                           	callstack 0
   128  000001                     ___lldiv@dividend:
   129                           	callstack 0
   130                           
   131                           ; 4 bytes @ 0x0
   132  000001                     	ds	1
   133  000002                     SPI1_Open@spi1UniqueConfiguration:
   134                           	callstack 0
   135                           
   136                           ; 1 bytes @ 0x1
   137  000002                     	ds	1
   138  000003                     writepot@i:
   139                           	callstack 0
   140                           
   141                           ; 1 bytes @ 0x2
   142  000003                     	ds	2
   143  000005                     ___lldiv@divisor:
   144                           	callstack 0
   145                           
   146                           ; 4 bytes @ 0x4
   147  000005                     	ds	4
   148  000009                     ___lldiv@quotient:
   149                           	callstack 0
   150                           
   151                           ; 4 bytes @ 0x8
   152  000009                     	ds	4
   153  00000D                     ___lldiv@counter:
   154                           	callstack 0
   155                           
   156                           ; 1 bytes @ 0xC
   157  00000D                     	ds	1
   158  00000E                     readloadcell@sensitivity:
   159                           	callstack 0
   160                           
   161                           ; 4 bytes @ 0xD
   162  00000E                     	ds	4
   163  000012                     ??_readloadcell:
   164                           
   165                           ; 1 bytes @ 0x11
   166  000012                     	ds	1
   167  000013                     readloadcell@data1:
   168                           	callstack 0
   169                           
   170                           ; 1 bytes @ 0x12
   171  000013                     	ds	1
   172  000014                     readloadcell@data2:
   173                           	callstack 0
   174                           
   175                           ; 4 bytes @ 0x13
   176  000014                     	ds	4
   177  000018                     readloadcell@x:
   178                           	callstack 0
   179                           
   180                           ; 2 bytes @ 0x17
   181  000018                     	ds	2
   182  00001A                     readloadcell@i:
   183                           	callstack 0
   184                           
   185                           ; 2 bytes @ 0x19
   186  00001A                     	ds	2
   187  00001C                     ??_main:
   188                           
   189                           ; 1 bytes @ 0x1B
   190  00001C                     	ds	2
   191  00001E                     main@diff:
   192                           	callstack 0
   193                           
   194                           ; 1 bytes @ 0x1D
   195  00001E                     	ds	1
   196  00001F                     main@load2:
   197                           	callstack 0
   198                           
   199                           ; 1 bytes @ 0x1E
   200  00001F                     	ds	1
   201  000020                     main@load:
   202                           	callstack 0
   203                           
   204                           ; 1 bytes @ 0x1F
   205  000020                     	ds	1
   206                           
   207 ;;
   208 ;;Main: autosize = 0, tempsize = 2, incstack = 0, save=0
   209 ;;
   210 ;; *************** function _main *****************
   211 ;; Defined at:
   212 ;;		line 14 in file "main.c"
   213 ;; Parameters:    Size  Location     Type
   214 ;;		None
   215 ;; Auto vars:     Size  Location     Type
   216 ;;  load            1   31[COMRAM] unsigned char 
   217 ;;  load2           1   30[COMRAM] unsigned char 
   218 ;;  diff            1   29[COMRAM] unsigned char 
   219 ;; Return value:  Size  Location     Type
   220 ;;                  1    wreg      void 
   221 ;; Registers used:
   222 ;;		wreg, status,2, status,0, tblptrl, tblptrh, tblptru, prodl, prodh, cstack
   223 ;; Tracked objects:
   224 ;;		On entry : 0/0
   225 ;;		On exit  : 0/0
   226 ;;		Unchanged: 0/0
   227 ;; Data sizes:     COMRAM   BANK0   BANK1   BANK2   BANK3   BANK4   BANK5   BANK6   BANK7   BANK8   BANK9  BANK10  BANK1
      +1  BANK12  BANK13  BANK14
   228 ;;      Params:         0       0       0       0       0       0       0       0       0       0       0       0       
      +0       0       0       0
   229 ;;      Locals:         3       0       0       0       0       0       0       0       0       0       0       0       
      +0       0       0       0
   230 ;;      Temps:          2       0       0       0       0       0       0       0       0       0       0       0       
      +0       0       0       0
   231 ;;      Totals:         5       0       0       0       0       0       0       0       0       0       0       0       
      +0       0       0       0
   232 ;;Total ram usage:        5 bytes
   233 ;; Hardware stack levels required when called:    2
   234 ;; This function calls:
   235 ;;		_SYSTEM_Initialize
   236 ;;		_readloadcell
   237 ;;		_writepot
   238 ;; This function is called by:
   239 ;;		Startup code after reset
   240 ;; This function uses a non-reentrant model
   241 ;;
   242                           
   243                           	psect	text0
   244  00111A                     __ptext0:
   245                           	callstack 0
   246  00111A                     _main:
   247                           	callstack 29
   248  00111A                     
   249                           ;main.c: 17:     uint8_t load2 = 0;
   250  00111A  0E00               	movlw	0
   251  00111C  6E1F               	movwf	main@load2^0,c
   252                           
   253                           ;main.c: 18:     uint8_t diff = 0;
   254  00111E  0E00               	movlw	0
   255  001120  6E1E               	movwf	main@diff^0,c
   256  001122                     
   257                           ;main.c: 20:     SYSTEM_Initialize();
   258  001122  EC24  F009         	call	_SYSTEM_Initialize	;wreg free
   259  001126                     
   260                           ;main.c: 22:     _delay((unsigned long)((2000)*(8000000/4000.0)));
   261  001126  0E15               	movlw	21
   262  001128  6E1D               	movwf	(??_main+1)^0,c
   263  00112A  0E4B               	movlw	75
   264  00112C  6E1C               	movwf	??_main^0,c
   265  00112E  0EBE               	movlw	190
   266  001130                     u197:
   267  001130  2EE8               	decfsz	wreg,f,c
   268  001132  D7FE               	bra	u197
   269  001134  2E1C               	decfsz	??_main^0,f,c
   270  001136  D7FC               	bra	u197
   271  001138  2E1D               	decfsz	(??_main+1)^0,f,c
   272  00113A  D7FA               	bra	u197
   273  00113C  D000               	nop2	
   274  00113E                     
   275                           ;main.c: 23:     load = readloadcell(3000);
   276  00113E  0EB8               	movlw	184
   277  001140  6E0E               	movwf	readloadcell@sensitivity^0,c
   278  001142  0E0B               	movlw	11
   279  001144  6E0F               	movwf	(readloadcell@sensitivity+1)^0,c
   280  001146  0E00               	movlw	0
   281  001148  6E10               	movwf	(readloadcell@sensitivity+2)^0,c
   282  00114A  0E00               	movlw	0
   283  00114C  6E11               	movwf	(readloadcell@sensitivity+3)^0,c
   284  00114E  EC83  F007         	call	_readloadcell	;wreg free
   285  001152  6E20               	movwf	main@load^0,c
   286  001154                     
   287                           ;main.c: 25:     _delay((unsigned long)((2000)*(8000000/4000.0)));
   288  001154  0E15               	movlw	21
   289  001156  6E1D               	movwf	(??_main+1)^0,c
   290  001158  0E4B               	movlw	75
   291  00115A  6E1C               	movwf	??_main^0,c
   292  00115C  0EBE               	movlw	190
   293  00115E                     u207:
   294  00115E  2EE8               	decfsz	wreg,f,c
   295  001160  D7FE               	bra	u207
   296  001162  2E1C               	decfsz	??_main^0,f,c
   297  001164  D7FC               	bra	u207
   298  001166  2E1D               	decfsz	(??_main+1)^0,f,c
   299  001168  D7FA               	bra	u207
   300  00116A  D000               	nop2	
   301  00116C                     l1079:
   302                           
   303                           ;main.c: 29:         load = readloadcell(3000);
   304  00116C  0EB8               	movlw	184
   305  00116E  6E0E               	movwf	readloadcell@sensitivity^0,c
   306  001170  0E0B               	movlw	11
   307  001172  6E0F               	movwf	(readloadcell@sensitivity+1)^0,c
   308  001174  0E00               	movlw	0
   309  001176  6E10               	movwf	(readloadcell@sensitivity+2)^0,c
   310  001178  0E00               	movlw	0
   311  00117A  6E11               	movwf	(readloadcell@sensitivity+3)^0,c
   312  00117C  EC83  F007         	call	_readloadcell	;wreg free
   313  001180  6E20               	movwf	main@load^0,c
   314  001182                     
   315                           ;main.c: 34:             writepot(load);
   316  001182  5020               	movf	main@load^0,w,c
   317  001184  ECCF  F008         	call	_writepot
   318  001188                     
   319                           ;main.c: 41: _delay((unsigned long)((50)*(8000000/4000.0)));
   320  001188  0E82               	movlw	130
   321  00118A  6E1C               	movwf	??_main^0,c
   322  00118C  0EDE               	movlw	222
   323  00118E                     u217:
   324  00118E  2EE8               	decfsz	wreg,f,c
   325  001190  D7FE               	bra	u217
   326  001192  2E1C               	decfsz	??_main^0,f,c
   327  001194  D7FC               	bra	u217
   328  001196  EFB6  F008         	goto	l1079
   329  00119A  EF00  F000         	goto	start
   330  00119E                     __end_of_main:
   331                           	callstack 0
   332                           
   333 ;; *************** function _writepot *****************
   334 ;; Defined at:
   335 ;;		line 46 in file "main.c"
   336 ;; Parameters:    Size  Location     Type
   337 ;;  i               1    wreg     unsigned char 
   338 ;; Auto vars:     Size  Location     Type
   339 ;;  i               1    2[COMRAM] unsigned char 
   340 ;; Return value:  Size  Location     Type
   341 ;;                  1    wreg      void 
   342 ;; Registers used:
   343 ;;		wreg, status,2, status,0, tblptrl, tblptrh, tblptru, prodl, prodh, cstack
   344 ;; Tracked objects:
   345 ;;		On entry : 0/0
   346 ;;		On exit  : 0/0
   347 ;;		Unchanged: 0/0
   348 ;; Data sizes:     COMRAM   BANK0   BANK1   BANK2   BANK3   BANK4   BANK5   BANK6   BANK7   BANK8   BANK9  BANK10  BANK1
      +1  BANK12  BANK13  BANK14
   349 ;;      Params:         0       0       0       0       0       0       0       0       0       0       0       0       
      +0       0       0       0
   350 ;;      Locals:         1       0       0       0       0       0       0       0       0       0       0       0       
      +0       0       0       0
   351 ;;      Temps:          0       0       0       0       0       0       0       0       0       0       0       0       
      +0       0       0       0
   352 ;;      Totals:         1       0       0       0       0       0       0       0       0       0       0       0       
      +0       0       0       0
   353 ;;Total ram usage:        1 bytes
   354 ;; Hardware stack levels used:    1
   355 ;; Hardware stack levels required when called:    1
   356 ;; This function calls:
   357 ;;		_SPI1_Close
   358 ;;		_SPI1_Open
   359 ;;		_SPI1_WriteByte
   360 ;; This function is called by:
   361 ;;		_main
   362 ;; This function uses a non-reentrant model
   363 ;;
   364                           
   365                           	psect	text1
   366  00119E                     __ptext1:
   367                           	callstack 0
   368  00119E                     _writepot:
   369                           	callstack 29
   370                           
   371                           ;incstack = 0
   372                           ;writepot@i stored from wreg
   373  00119E  6E03               	movwf	writepot@i^0,c
   374  0011A0                     
   375                           ;main.c: 47:     LATBbits.LATB1 = 0;
   376  0011A0  928A               	bcf	138,1,c	;volatile
   377  0011A2                     
   378                           ;main.c: 48:     _delay((unsigned long)((5)*(8000000/4000000.0)));
   379  0011A2  0E03               	movlw	3
   380  0011A4                     u227:
   381  0011A4  2EE8               	decfsz	wreg,f,c
   382  0011A6  D7FE               	bra	u227
   383  0011A8  F000               	nop	
   384  0011AA                     
   385                           ;main.c: 49:     SPI1_Open(SPI1_DEFAULT);
   386  0011AA  0E00               	movlw	0
   387  0011AC  EC43  F008         	call	_SPI1_Open
   388  0011B0                     
   389                           ;main.c: 50:     SPI1_WriteByte(0x00);
   390  0011B0  0E00               	movlw	0
   391  0011B2  EC2B  F009         	call	_SPI1_WriteByte
   392  0011B6                     
   393                           ;main.c: 51:     _delay((unsigned long)((2)*(8000000/4000000.0)));
   394  0011B6  D000               	nop2		;2 cycle nop
   395  0011B8  D000               	nop2		;2 cycle nop
   396  0011BA                     
   397                           ;main.c: 52:     SPI1_WriteByte(i);
   398  0011BA  5003               	movf	writepot@i^0,w,c
   399  0011BC  EC2B  F009         	call	_SPI1_WriteByte
   400  0011C0                     
   401                           ;main.c: 53:     _delay((unsigned long)((5)*(8000000/4000000.0)));
   402  0011C0  0E03               	movlw	3
   403  0011C2                     u237:
   404  0011C2  2EE8               	decfsz	wreg,f,c
   405  0011C4  D7FE               	bra	u237
   406  0011C6  F000               	nop	
   407  0011C8                     
   408                           ;main.c: 54:     SPI1_Close();
   409  0011C8  EC2F  F009         	call	_SPI1_Close	;wreg free
   410  0011CC                     
   411                           ;main.c: 55:     _delay((unsigned long)((4)*(8000000/4000000.0)));
   412  0011CC  D000               	nop2		;2 cycle nop
   413  0011CE  D000               	nop2		;2 cycle nop
   414  0011D0  D000               	nop2		;2 cycle nop
   415  0011D2  D000               	nop2		;2 cycle nop
   416  0011D4                     
   417                           ;main.c: 56:     LATBbits.LATB1 = 1;
   418  0011D4  828A               	bsf	138,1,c	;volatile
   419  0011D6                     
   420                           ;main.c: 57:     _delay((unsigned long)((700)*(8000000/4000000.0)));
   421  0011D6  0EC8               	movlw	200
   422  0011D8                     u247:
   423  0011D8  D000               	nop2	
   424  0011DA  D000               	nop2	
   425  0011DC  2EE8               	decfsz	wreg,f,c
   426  0011DE  D7FC               	bra	u247
   427  0011E0  0012               	return		;funcret
   428  0011E2                     __end_of_writepot:
   429                           	callstack 0
   430                           
   431 ;; *************** function _SPI1_WriteByte *****************
   432 ;; Defined at:
   433 ;;		line 131 in file "mcc_generated_files/spi1.c"
   434 ;; Parameters:    Size  Location     Type
   435 ;;  byte            1    wreg     unsigned char 
   436 ;; Auto vars:     Size  Location     Type
   437 ;;  byte            1    0[COMRAM] unsigned char 
   438 ;; Return value:  Size  Location     Type
   439 ;;                  1    wreg      void 
   440 ;; Registers used:
   441 ;;		wreg
   442 ;; Tracked objects:
   443 ;;		On entry : 0/0
   444 ;;		On exit  : 0/0
   445 ;;		Unchanged: 0/0
   446 ;; Data sizes:     COMRAM   BANK0   BANK1   BANK2   BANK3   BANK4   BANK5   BANK6   BANK7   BANK8   BANK9  BANK10  BANK1
      +1  BANK12  BANK13  BANK14
   447 ;;      Params:         0       0       0       0       0       0       0       0       0       0       0       0       
      +0       0       0       0
   448 ;;      Locals:         1       0       0       0       0       0       0       0       0       0       0       0       
      +0       0       0       0
   449 ;;      Temps:          0       0       0       0       0       0       0       0       0       0       0       0       
      +0       0       0       0
   450 ;;      Totals:         1       0       0       0       0       0       0       0       0       0       0       0       
      +0       0       0       0
   451 ;;Total ram usage:        1 bytes
   452 ;; Hardware stack levels used:    1
   453 ;; This function calls:
   454 ;;		Nothing
   455 ;; This function is called by:
   456 ;;		_writepot
   457 ;; This function uses a non-reentrant model
   458 ;;
   459                           
   460                           	psect	text2
   461  001256                     __ptext2:
   462                           	callstack 0
   463  001256                     _SPI1_WriteByte:
   464                           	callstack 29
   465                           
   466                           ;incstack = 0
   467                           ;SPI1_WriteByte@byte stored from wreg
   468  001256  6E01               	movwf	SPI1_WriteByte@byte^0,c
   469  001258                     
   470                           ;mcc_generated_files/spi1.c: 131: void SPI1_WriteByte(uint8_t byte);mcc_generated_files/
      +                          spi1.c: 132: {;mcc_generated_files/spi1.c: 133:     SSP1BUF = byte;
   471  001258  C001  FFC9         	movff	SPI1_WriteByte@byte,4041	;volatile
   472  00125C  0012               	return		;funcret
   473  00125E                     __end_of_SPI1_WriteByte:
   474                           	callstack 0
   475                           
   476 ;; *************** function _SPI1_Open *****************
   477 ;; Defined at:
   478 ;;		line 72 in file "mcc_generated_files/spi1.c"
   479 ;; Parameters:    Size  Location     Type
   480 ;;  spi1UniqueCo    1    wreg     enum E355
   481 ;; Auto vars:     Size  Location     Type
   482 ;;  spi1UniqueCo    1    1[COMRAM] enum E355
   483 ;; Return value:  Size  Location     Type
   484 ;;                  1    wreg      _Bool 
   485 ;; Registers used:
   486 ;;		wreg, status,2, status,0, tblptrl, tblptrh, tblptru, prodl, prodh
   487 ;; Tracked objects:
   488 ;;		On entry : 0/0
   489 ;;		On exit  : 0/0
   490 ;;		Unchanged: 0/0
   491 ;; Data sizes:     COMRAM   BANK0   BANK1   BANK2   BANK3   BANK4   BANK5   BANK6   BANK7   BANK8   BANK9  BANK10  BANK1
      +1  BANK12  BANK13  BANK14
   492 ;;      Params:         0       0       0       0       0       0       0       0       0       0       0       0       
      +0       0       0       0
   493 ;;      Locals:         1       0       0       0       0       0       0       0       0       0       0       0       
      +0       0       0       0
   494 ;;      Temps:          1       0       0       0       0       0       0       0       0       0       0       0       
      +0       0       0       0
   495 ;;      Totals:         2       0       0       0       0       0       0       0       0       0       0       0       
      +0       0       0       0
   496 ;;Total ram usage:        2 bytes
   497 ;; Hardware stack levels used:    1
   498 ;; This function calls:
   499 ;;		Nothing
   500 ;; This function is called by:
   501 ;;		_writepot
   502 ;; This function uses a non-reentrant model
   503 ;;
   504                           
   505                           	psect	text3
   506  001086                     __ptext3:
   507                           	callstack 0
   508  001086                     _SPI1_Open:
   509                           	callstack 29
   510                           
   511                           ;incstack = 0
   512                           ;SPI1_Open@spi1UniqueConfiguration stored from wreg
   513  001086  6E02               	movwf	SPI1_Open@spi1UniqueConfiguration^0,c
   514  001088                     
   515                           ;mcc_generated_files/spi1.c: 72: _Bool SPI1_Open(spi1_modes_t spi1UniqueConfiguration);m
      +                          cc_generated_files/spi1.c: 73: {;mcc_generated_files/spi1.c: 74:     if(!SSP1CON1bits.SS
      +                          PEN)
   516  001088  BAC6               	btfsc	198,5,c	;volatile
   517  00108A  EF49  F008         	goto	u11
   518  00108E  EF4B  F008         	goto	u10
   519  001092                     u11:
   520  001092  EF8C  F008         	goto	l25
   521  001096                     u10:
   522  001096                     
   523                           ;mcc_generated_files/spi1.c: 75:     {;mcc_generated_files/spi1.c: 76:         SSP1STAT 
      +                          = spi1_configuration[spi1UniqueConfiguration].stat;
   524  001096  5002               	movf	SPI1_Open@spi1UniqueConfiguration^0,w,c
   525  001098  0D04               	mullw	4
   526  00109A  0E01               	movlw	1
   527  00109C  26F3               	addwf	243,f,c
   528  00109E  0E00               	movlw	0
   529  0010A0  22F4               	addwfc	244,f,c
   530  0010A2  0E01               	movlw	low _spi1_configuration
   531  0010A4  24F3               	addwf	243,w,c
   532  0010A6  6EF6               	movwf	tblptrl,c
   533  0010A8  0E0F               	movlw	high _spi1_configuration
   534  0010AA  20F4               	addwfc	244,w,c
   535  0010AC  6EF7               	movwf	tblptrh,c
   536  0010AE                     	if	0	;There are less than 3 active tblptr bytes
   537  0010AE                     	endif
   538  0010AE  0008               	tblrd		*
   539  0010B0  CFF5 FFC7          	movff	tablat,4039	;volatile
   540                           
   541                           ;mcc_generated_files/spi1.c: 77:         SSP1CON1 = spi1_configuration[spi1UniqueConfigu
      +                          ration].con1;
   542  0010B4  5002               	movf	SPI1_Open@spi1UniqueConfiguration^0,w,c
   543  0010B6  0D04               	mullw	4
   544  0010B8  0E01               	movlw	low _spi1_configuration
   545  0010BA  24F3               	addwf	243,w,c
   546  0010BC  6EF6               	movwf	tblptrl,c
   547  0010BE  0E0F               	movlw	high _spi1_configuration
   548  0010C0  20F4               	addwfc	244,w,c
   549  0010C2  6EF7               	movwf	tblptrh,c
   550  0010C4                     	if	0	;There are less than 3 active tblptr bytes
   551  0010C4                     	endif
   552  0010C4  0008               	tblrd		*
   553  0010C6  CFF5 FFC6          	movff	tablat,4038	;volatile
   554  0010CA                     
   555                           ;mcc_generated_files/spi1.c: 78:         SSP1CON2 = 0x00;
   556  0010CA  0E00               	movlw	0
   557  0010CC  6EC5               	movwf	197,c	;volatile
   558  0010CE                     
   559                           ;mcc_generated_files/spi1.c: 79:         SSP1ADD = spi1_configuration[spi1UniqueConfigur
      +                          ation].add;
   560  0010CE  5002               	movf	SPI1_Open@spi1UniqueConfiguration^0,w,c
   561  0010D0  0D04               	mullw	4
   562  0010D2  0E02               	movlw	2
   563  0010D4  26F3               	addwf	243,f,c
   564  0010D6  0E00               	movlw	0
   565  0010D8  22F4               	addwfc	244,f,c
   566  0010DA  0E01               	movlw	low _spi1_configuration
   567  0010DC  24F3               	addwf	243,w,c
   568  0010DE  6EF6               	movwf	tblptrl,c
   569  0010E0  0E0F               	movlw	high _spi1_configuration
   570  0010E2  20F4               	addwfc	244,w,c
   571  0010E4  6EF7               	movwf	tblptrh,c
   572  0010E6                     	if	0	;There are less than 3 active tblptr bytes
   573  0010E6                     	endif
   574  0010E6  0008               	tblrd		*
   575  0010E8  CFF5 FFC8          	movff	tablat,4040	;volatile
   576  0010EC                     
   577                           ;mcc_generated_files/spi1.c: 80:         TRISBbits.TRISB4 = spi1_configuration[spi1Uniqu
      +                          eConfiguration].operation;
   578  0010EC  5002               	movf	SPI1_Open@spi1UniqueConfiguration^0,w,c
   579  0010EE  0D04               	mullw	4
   580  0010F0  0E03               	movlw	3
   581  0010F2  26F3               	addwf	243,f,c
   582  0010F4  0E00               	movlw	0
   583  0010F6  22F4               	addwfc	244,f,c
   584  0010F8  0E01               	movlw	low _spi1_configuration
   585  0010FA  24F3               	addwf	243,w,c
   586  0010FC  6EF6               	movwf	tblptrl,c
   587  0010FE  0E0F               	movlw	high _spi1_configuration
   588  001100  20F4               	addwfc	244,w,c
   589  001102  6EF7               	movwf	tblptrh,c
   590  001104                     	if	0	;There are less than 3 active tblptr bytes
   591  001104                     	endif
   592  001104  0008               	tblrd		*
   593  001106  CFF5 F001          	movff	tablat,??_SPI1_Open
   594  00110A  3A01               	swapf	??_SPI1_Open^0,f,c
   595  00110C  5093               	movf	147,w,c	;volatile
   596  00110E  1801               	xorwf	??_SPI1_Open^0,w,c
   597  001110  0BEF               	andlw	-17
   598  001112  1801               	xorwf	??_SPI1_Open^0,w,c
   599  001114  6E93               	movwf	147,c	;volatile
   600  001116                     
   601                           ;mcc_generated_files/spi1.c: 81:         SSP1CON1bits.SSPEN = 1;
   602  001116  8AC6               	bsf	198,5,c	;volatile
   603  001118                     l25:
   604  001118  0012               	return		;funcret
   605  00111A                     __end_of_SPI1_Open:
   606                           	callstack 0
   607                           
   608 ;; *************** function _SPI1_Close *****************
   609 ;; Defined at:
   610 ;;		line 87 in file "mcc_generated_files/spi1.c"
   611 ;; Parameters:    Size  Location     Type
   612 ;;		None
   613 ;; Auto vars:     Size  Location     Type
   614 ;;		None
   615 ;; Return value:  Size  Location     Type
   616 ;;                  1    wreg      void 
   617 ;; Registers used:
   618 ;;		None
   619 ;; Tracked objects:
   620 ;;		On entry : 0/0
   621 ;;		On exit  : 0/0
   622 ;;		Unchanged: 0/0
   623 ;; Data sizes:     COMRAM   BANK0   BANK1   BANK2   BANK3   BANK4   BANK5   BANK6   BANK7   BANK8   BANK9  BANK10  BANK1
      +1  BANK12  BANK13  BANK14
   624 ;;      Params:         0       0       0       0       0       0       0       0       0       0       0       0       
      +0       0       0       0
   625 ;;      Locals:         0       0       0       0       0       0       0       0       0       0       0       0       
      +0       0       0       0
   626 ;;      Temps:          0       0       0       0       0       0       0       0       0       0       0       0       
      +0       0       0       0
   627 ;;      Totals:         0       0       0       0       0       0       0       0       0       0       0       0       
      +0       0       0       0
   628 ;;Total ram usage:        0 bytes
   629 ;; Hardware stack levels used:    1
   630 ;; This function calls:
   631 ;;		Nothing
   632 ;; This function is called by:
   633 ;;		_writepot
   634 ;; This function uses a non-reentrant model
   635 ;;
   636                           
   637                           	psect	text4
   638  00125E                     __ptext4:
   639                           	callstack 0
   640  00125E                     _SPI1_Close:
   641                           	callstack 29
   642  00125E                     
   643                           ;mcc_generated_files/spi1.c: 89:     SSP1CON1bits.SSPEN = 0;
   644  00125E  9AC6               	bcf	198,5,c	;volatile
   645  001260  0012               	return		;funcret
   646  001262                     __end_of_SPI1_Close:
   647                           	callstack 0
   648                           
   649 ;; *************** function _readloadcell *****************
   650 ;; Defined at:
   651 ;;		line 60 in file "main.c"
   652 ;; Parameters:    Size  Location     Type
   653 ;;  sensitivity     4   13[COMRAM] unsigned long 
   654 ;; Auto vars:     Size  Location     Type
   655 ;;  i               2   25[COMRAM] int 
   656 ;;  x               2   23[COMRAM] int 
   657 ;;  data2           4   19[COMRAM] unsigned long 
   658 ;;  data1           1   18[COMRAM] unsigned char 
   659 ;; Return value:  Size  Location     Type
   660 ;;                  1    wreg      unsigned char 
   661 ;; Registers used:
   662 ;;		wreg, status,2, status,0, cstack
   663 ;; Tracked objects:
   664 ;;		On entry : 0/0
   665 ;;		On exit  : 0/0
   666 ;;		Unchanged: 0/0
   667 ;; Data sizes:     COMRAM   BANK0   BANK1   BANK2   BANK3   BANK4   BANK5   BANK6   BANK7   BANK8   BANK9  BANK10  BANK1
      +1  BANK12  BANK13  BANK14
   668 ;;      Params:         4       0       0       0       0       0       0       0       0       0       0       0       
      +0       0       0       0
   669 ;;      Locals:         9       0       0       0       0       0       0       0       0       0       0       0       
      +0       0       0       0
   670 ;;      Temps:          1       0       0       0       0       0       0       0       0       0       0       0       
      +0       0       0       0
   671 ;;      Totals:        14       0       0       0       0       0       0       0       0       0       0       0       
      +0       0       0       0
   672 ;;Total ram usage:       14 bytes
   673 ;; Hardware stack levels used:    1
   674 ;; Hardware stack levels required when called:    1
   675 ;; This function calls:
   676 ;;		___lldiv
   677 ;; This function is called by:
   678 ;;		_main
   679 ;; This function uses a non-reentrant model
   680 ;;
   681                           
   682                           	psect	text5
   683  000F06                     __ptext5:
   684                           	callstack 0
   685  000F06                     _readloadcell:
   686                           	callstack 29
   687  000F06                     
   688                           ;main.c: 61: unsigned long data2 = 0;
   689  000F06  0E00               	movlw	0
   690  000F08  6E14               	movwf	readloadcell@data2^0,c
   691  000F0A  0E00               	movlw	0
   692  000F0C  6E15               	movwf	(readloadcell@data2+1)^0,c
   693  000F0E  0E00               	movlw	0
   694  000F10  6E16               	movwf	(readloadcell@data2+2)^0,c
   695  000F12  0E00               	movlw	0
   696  000F14  6E17               	movwf	(readloadcell@data2+3)^0,c
   697                           
   698                           ;main.c: 63:     for(int x = 0; x < 3; x++){
   699  000F16  0E00               	movlw	0
   700  000F18  6E19               	movwf	(readloadcell@x+1)^0,c
   701  000F1A  0E00               	movlw	0
   702  000F1C  6E18               	movwf	readloadcell@x^0,c
   703  000F1E                     l1029:
   704                           
   705                           ;main.c: 64:         for(int i = 0; i<8; i++){
   706  000F1E  0E00               	movlw	0
   707  000F20  6E1B               	movwf	(readloadcell@i+1)^0,c
   708  000F22  0E00               	movlw	0
   709  000F24  6E1A               	movwf	readloadcell@i^0,c
   710  000F26                     l149:
   711                           
   712                           ;main.c: 65:             LATAbits.LATA1 = 1;
   713  000F26  8289               	bsf	137,1,c	;volatile
   714  000F28                     
   715                           ;main.c: 66:             _delay((unsigned long)((12)*(8000000/4000000.0)));
   716  000F28  0E08               	movlw	8
   717  000F2A                     u257:
   718  000F2A  2EE8               	decfsz	wreg,f,c
   719  000F2C  D7FE               	bra	u257
   720  000F2E                     
   721                           ;main.c: 67:             if(PORTAbits.RA0){
   722  000F2E  A080               	btfss	128,0,c	;volatile
   723  000F30  EF9C  F007         	goto	u161
   724  000F34  EF9E  F007         	goto	u160
   725  000F38                     u161:
   726  000F38  EFA6  F007         	goto	l1041
   727  000F3C                     u160:
   728  000F3C                     
   729                           ;main.c: 68:                 data2 <<= 1;
   730  000F3C  90D8               	bcf	status,0,c
   731  000F3E  3614               	rlcf	readloadcell@data2^0,f,c
   732  000F40  3615               	rlcf	(readloadcell@data2+1)^0,f,c
   733  000F42  3616               	rlcf	(readloadcell@data2+2)^0,f,c
   734  000F44  3617               	rlcf	(readloadcell@data2+3)^0,f,c
   735                           
   736                           ;main.c: 69:                 data2 |= 1;
   737  000F46  8014               	bsf	readloadcell@data2^0,0,c
   738                           
   739                           ;main.c: 70:             }
   740  000F48  EFAB  F007         	goto	l1043
   741  000F4C                     l1041:
   742                           
   743                           ;main.c: 72:                 data2 <<= 1;
   744  000F4C  90D8               	bcf	status,0,c
   745  000F4E  3614               	rlcf	readloadcell@data2^0,f,c
   746  000F50  3615               	rlcf	(readloadcell@data2+1)^0,f,c
   747  000F52  3616               	rlcf	(readloadcell@data2+2)^0,f,c
   748  000F54  3617               	rlcf	(readloadcell@data2+3)^0,f,c
   749  000F56                     l1043:
   750                           
   751                           ;main.c: 74:             LATAbits.LATA1 = 0;
   752  000F56  9289               	bcf	137,1,c	;volatile
   753  000F58                     
   754                           ;main.c: 75:             _delay((unsigned long)((6)*(8000000/4000000.0)));
   755  000F58  0E04               	movlw	4
   756  000F5A                     u267:
   757  000F5A  2EE8               	decfsz	wreg,f,c
   758  000F5C  D7FE               	bra	u267
   759  000F5E                     
   760                           ;main.c: 76:         }
   761  000F5E  4A1A               	infsnz	readloadcell@i^0,f,c
   762  000F60  2A1B               	incf	(readloadcell@i+1)^0,f,c
   763  000F62  BE1B               	btfsc	(readloadcell@i+1)^0,7,c
   764  000F64  EFBD  F007         	goto	u171
   765  000F68  501B               	movf	(readloadcell@i+1)^0,w,c
   766  000F6A  E109               	bnz	u170
   767  000F6C  0E08               	movlw	8
   768  000F6E  5C1A               	subwf	readloadcell@i^0,w,c
   769  000F70  A0D8               	btfss	status,0,c
   770  000F72  EFBD  F007         	goto	u171
   771  000F76  EFBF  F007         	goto	u170
   772  000F7A                     u171:
   773  000F7A  EF93  F007         	goto	l149
   774  000F7E                     u170:
   775  000F7E                     
   776                           ;main.c: 77:     }
   777  000F7E  4A18               	infsnz	readloadcell@x^0,f,c
   778  000F80  2A19               	incf	(readloadcell@x+1)^0,f,c
   779  000F82  BE19               	btfsc	(readloadcell@x+1)^0,7,c
   780  000F84  EFCD  F007         	goto	u181
   781  000F88  5019               	movf	(readloadcell@x+1)^0,w,c
   782  000F8A  E109               	bnz	u180
   783  000F8C  0E03               	movlw	3
   784  000F8E  5C18               	subwf	readloadcell@x^0,w,c
   785  000F90  A0D8               	btfss	status,0,c
   786  000F92  EFCD  F007         	goto	u181
   787  000F96  EFCF  F007         	goto	u180
   788  000F9A                     u181:
   789  000F9A  EF8F  F007         	goto	l1029
   790  000F9E                     u180:
   791  000F9E                     
   792                           ;main.c: 78:     LATAbits.LATA1 = 1;
   793  000F9E  8289               	bsf	137,1,c	;volatile
   794  000FA0                     
   795                           ;main.c: 79:     _delay((unsigned long)((12)*(8000000/4000000.0)));
   796  000FA0  0E08               	movlw	8
   797  000FA2                     u277:
   798  000FA2  2EE8               	decfsz	wreg,f,c
   799  000FA4  D7FE               	bra	u277
   800  000FA6                     
   801                           ;main.c: 80:     LATAbits.LATA1 = 0;
   802  000FA6  9289               	bcf	137,1,c	;volatile
   803  000FA8                     
   804                           ;main.c: 81:     data1 = data2 / sensitivity;
   805  000FA8  C014  F001         	movff	readloadcell@data2,___lldiv@dividend
   806  000FAC  C015  F002         	movff	readloadcell@data2+1,___lldiv@dividend+1
   807  000FB0  C016  F003         	movff	readloadcell@data2+2,___lldiv@dividend+2
   808  000FB4  C017  F004         	movff	readloadcell@data2+3,___lldiv@dividend+3
   809  000FB8  C00E  F005         	movff	readloadcell@sensitivity,___lldiv@divisor
   810  000FBC  C00F  F006         	movff	readloadcell@sensitivity+1,___lldiv@divisor+1
   811  000FC0  C010  F007         	movff	readloadcell@sensitivity+2,___lldiv@divisor+2
   812  000FC4  C011  F008         	movff	readloadcell@sensitivity+3,___lldiv@divisor+3
   813  000FC8  ECF1  F007         	call	___lldiv	;wreg free
   814  000FCC  5001               	movf	?___lldiv^0,w,c
   815  000FCE  6E13               	movwf	readloadcell@data1^0,c
   816  000FD0                     
   817                           ;main.c: 82:     _delay((unsigned long)((1)*(8000000/4000.0)));
   818  000FD0  0E03               	movlw	3
   819  000FD2  6E12               	movwf	??_readloadcell^0,c
   820  000FD4  0E98               	movlw	152
   821  000FD6                     u287:
   822  000FD6  2EE8               	decfsz	wreg,f,c
   823  000FD8  D7FE               	bra	u287
   824  000FDA  2E12               	decfsz	??_readloadcell^0,f,c
   825  000FDC  D7FC               	bra	u287
   826  000FDE                     
   827                           ;main.c: 83:     return data1;
   828  000FDE  5013               	movf	readloadcell@data1^0,w,c
   829  000FE0  0012               	return		;funcret
   830  000FE2                     __end_of_readloadcell:
   831                           	callstack 0
   832                           
   833 ;; *************** function ___lldiv *****************
   834 ;; Defined at:
   835 ;;		line 7 in file "C:\Program Files\Microchip\xc8\v2.30\pic\sources\c99\common\__lldiv.c"
   836 ;; Parameters:    Size  Location     Type
   837 ;;  dividend        4    0[COMRAM] unsigned long 
   838 ;;  divisor         4    4[COMRAM] unsigned long 
   839 ;; Auto vars:     Size  Location     Type
   840 ;;  quotient        4    8[COMRAM] unsigned long 
   841 ;;  counter         1   12[COMRAM] unsigned char 
   842 ;; Return value:  Size  Location     Type
   843 ;;                  4    0[COMRAM] unsigned long 
   844 ;; Registers used:
   845 ;;		wreg, status,2, status,0
   846 ;; Tracked objects:
   847 ;;		On entry : 0/0
   848 ;;		On exit  : 0/0
   849 ;;		Unchanged: 0/0
   850 ;; Data sizes:     COMRAM   BANK0   BANK1   BANK2   BANK3   BANK4   BANK5   BANK6   BANK7   BANK8   BANK9  BANK10  BANK1
      +1  BANK12  BANK13  BANK14
   851 ;;      Params:         8       0       0       0       0       0       0       0       0       0       0       0       
      +0       0       0       0
   852 ;;      Locals:         5       0       0       0       0       0       0       0       0       0       0       0       
      +0       0       0       0
   853 ;;      Temps:          0       0       0       0       0       0       0       0       0       0       0       0       
      +0       0       0       0
   854 ;;      Totals:        13       0       0       0       0       0       0       0       0       0       0       0       
      +0       0       0       0
   855 ;;Total ram usage:       13 bytes
   856 ;; Hardware stack levels used:    1
   857 ;; This function calls:
   858 ;;		Nothing
   859 ;; This function is called by:
   860 ;;		_readloadcell
   861 ;; This function uses a non-reentrant model
   862 ;;
   863                           
   864                           	psect	text6
   865  000FE2                     __ptext6:
   866                           	callstack 0
   867  000FE2                     ___lldiv:
   868                           	callstack 29
   869  000FE2  0E00               	movlw	0
   870  000FE4  6E09               	movwf	___lldiv@quotient^0,c
   871  000FE6  0E00               	movlw	0
   872  000FE8  6E0A               	movwf	(___lldiv@quotient+1)^0,c
   873  000FEA  0E00               	movlw	0
   874  000FEC  6E0B               	movwf	(___lldiv@quotient+2)^0,c
   875  000FEE  0E00               	movlw	0
   876  000FF0  6E0C               	movwf	(___lldiv@quotient+3)^0,c
   877  000FF2  5005               	movf	___lldiv@divisor^0,w,c
   878  000FF4  1006               	iorwf	(___lldiv@divisor+1)^0,w,c
   879  000FF6  1007               	iorwf	(___lldiv@divisor+2)^0,w,c
   880  000FF8  1008               	iorwf	(___lldiv@divisor+3)^0,w,c
   881  000FFA  B4D8               	btfsc	status,2,c
   882  000FFC  EF02  F008         	goto	u131
   883  001000  EF04  F008         	goto	u130
   884  001004                     u131:
   885  001004  EF3A  F008         	goto	l183
   886  001008                     u130:
   887  001008  0E01               	movlw	1
   888  00100A  6E0D               	movwf	___lldiv@counter^0,c
   889  00100C  EF0E  F008         	goto	l1009
   890  001010                     l1007:
   891  001010  90D8               	bcf	status,0,c
   892  001012  3605               	rlcf	___lldiv@divisor^0,f,c
   893  001014  3606               	rlcf	(___lldiv@divisor+1)^0,f,c
   894  001016  3607               	rlcf	(___lldiv@divisor+2)^0,f,c
   895  001018  3608               	rlcf	(___lldiv@divisor+3)^0,f,c
   896  00101A  2A0D               	incf	___lldiv@counter^0,f,c
   897  00101C                     l1009:
   898  00101C  AE08               	btfss	(___lldiv@divisor+3)^0,7,c
   899  00101E  EF13  F008         	goto	u141
   900  001022  EF15  F008         	goto	u140
   901  001026                     u141:
   902  001026  EF08  F008         	goto	l1007
   903  00102A                     u140:
   904  00102A                     l1011:
   905  00102A  90D8               	bcf	status,0,c
   906  00102C  3609               	rlcf	___lldiv@quotient^0,f,c
   907  00102E  360A               	rlcf	(___lldiv@quotient+1)^0,f,c
   908  001030  360B               	rlcf	(___lldiv@quotient+2)^0,f,c
   909  001032  360C               	rlcf	(___lldiv@quotient+3)^0,f,c
   910  001034  5005               	movf	___lldiv@divisor^0,w,c
   911  001036  5C01               	subwf	___lldiv@dividend^0,w,c
   912  001038  5006               	movf	(___lldiv@divisor+1)^0,w,c
   913  00103A  5802               	subwfb	(___lldiv@dividend+1)^0,w,c
   914  00103C  5007               	movf	(___lldiv@divisor+2)^0,w,c
   915  00103E  5803               	subwfb	(___lldiv@dividend+2)^0,w,c
   916  001040  5008               	movf	(___lldiv@divisor+3)^0,w,c
   917  001042  5804               	subwfb	(___lldiv@dividend+3)^0,w,c
   918  001044  A0D8               	btfss	status,0,c
   919  001046  EF27  F008         	goto	u151
   920  00104A  EF29  F008         	goto	u150
   921  00104E                     u151:
   922  00104E  EF32  F008         	goto	l1019
   923  001052                     u150:
   924  001052  5005               	movf	___lldiv@divisor^0,w,c
   925  001054  5E01               	subwf	___lldiv@dividend^0,f,c
   926  001056  5006               	movf	(___lldiv@divisor+1)^0,w,c
   927  001058  5A02               	subwfb	(___lldiv@dividend+1)^0,f,c
   928  00105A  5007               	movf	(___lldiv@divisor+2)^0,w,c
   929  00105C  5A03               	subwfb	(___lldiv@dividend+2)^0,f,c
   930  00105E  5008               	movf	(___lldiv@divisor+3)^0,w,c
   931  001060  5A04               	subwfb	(___lldiv@dividend+3)^0,f,c
   932  001062  8009               	bsf	___lldiv@quotient^0,0,c
   933  001064                     l1019:
   934  001064  90D8               	bcf	status,0,c
   935  001066  3208               	rrcf	(___lldiv@divisor+3)^0,f,c
   936  001068  3207               	rrcf	(___lldiv@divisor+2)^0,f,c
   937  00106A  3206               	rrcf	(___lldiv@divisor+1)^0,f,c
   938  00106C  3205               	rrcf	___lldiv@divisor^0,f,c
   939  00106E  2E0D               	decfsz	___lldiv@counter^0,f,c
   940  001070  EF15  F008         	goto	l1011
   941  001074                     l183:
   942  001074  C009  F001         	movff	___lldiv@quotient,?___lldiv
   943  001078  C00A  F002         	movff	___lldiv@quotient+1,?___lldiv+1
   944  00107C  C00B  F003         	movff	___lldiv@quotient+2,?___lldiv+2
   945  001080  C00C  F004         	movff	___lldiv@quotient+3,?___lldiv+3
   946  001084  0012               	return		;funcret
   947  001086                     __end_of___lldiv:
   948                           	callstack 0
   949                           
   950 ;; *************** function _SYSTEM_Initialize *****************
   951 ;; Defined at:
   952 ;;		line 50 in file "mcc_generated_files/mcc.c"
   953 ;; Parameters:    Size  Location     Type
   954 ;;		None
   955 ;; Auto vars:     Size  Location     Type
   956 ;;		None
   957 ;; Return value:  Size  Location     Type
   958 ;;                  1    wreg      void 
   959 ;; Registers used:
   960 ;;		wreg, status,2, cstack
   961 ;; Tracked objects:
   962 ;;		On entry : 0/0
   963 ;;		On exit  : 0/0
   964 ;;		Unchanged: 0/0
   965 ;; Data sizes:     COMRAM   BANK0   BANK1   BANK2   BANK3   BANK4   BANK5   BANK6   BANK7   BANK8   BANK9  BANK10  BANK1
      +1  BANK12  BANK13  BANK14
   966 ;;      Params:         0       0       0       0       0       0       0       0       0       0       0       0       
      +0       0       0       0
   967 ;;      Locals:         0       0       0       0       0       0       0       0       0       0       0       0       
      +0       0       0       0
   968 ;;      Temps:          0       0       0       0       0       0       0       0       0       0       0       0       
      +0       0       0       0
   969 ;;      Totals:         0       0       0       0       0       0       0       0       0       0       0       0       
      +0       0       0       0
   970 ;;Total ram usage:        0 bytes
   971 ;; Hardware stack levels used:    1
   972 ;; Hardware stack levels required when called:    1
   973 ;; This function calls:
   974 ;;		_OSCILLATOR_Initialize
   975 ;;		_PIN_MANAGER_Initialize
   976 ;;		_SPI1_Initialize
   977 ;; This function is called by:
   978 ;;		_main
   979 ;; This function uses a non-reentrant model
   980 ;;
   981                           
   982                           	psect	text7
   983  001248                     __ptext7:
   984                           	callstack 0
   985  001248                     _SYSTEM_Initialize:
   986                           	callstack 29
   987  001248                     
   988                           ;mcc_generated_files/mcc.c: 53:     SPI1_Initialize();
   989  001248  EC14  F009         	call	_SPI1_Initialize	;wreg free
   990                           
   991                           ;mcc_generated_files/mcc.c: 54:     PIN_MANAGER_Initialize();
   992  00124C  ECF1  F008         	call	_PIN_MANAGER_Initialize	;wreg free
   993                           
   994                           ;mcc_generated_files/mcc.c: 55:     OSCILLATOR_Initialize();
   995  001250  EC0A  F009         	call	_OSCILLATOR_Initialize	;wreg free
   996  001254  0012               	return		;funcret
   997  001256                     __end_of_SYSTEM_Initialize:
   998                           	callstack 0
   999                           
  1000 ;; *************** function _SPI1_Initialize *****************
  1001 ;; Defined at:
  1002 ;;		line 62 in file "mcc_generated_files/spi1.c"
  1003 ;; Parameters:    Size  Location     Type
  1004 ;;		None
  1005 ;; Auto vars:     Size  Location     Type
  1006 ;;		None
  1007 ;; Return value:  Size  Location     Type
  1008 ;;                  1    wreg      void 
  1009 ;; Registers used:
  1010 ;;		wreg, status,2
  1011 ;; Tracked objects:
  1012 ;;		On entry : 0/0
  1013 ;;		On exit  : 0/0
  1014 ;;		Unchanged: 0/0
  1015 ;; Data sizes:     COMRAM   BANK0   BANK1   BANK2   BANK3   BANK4   BANK5   BANK6   BANK7   BANK8   BANK9  BANK10  BANK1
      +1  BANK12  BANK13  BANK14
  1016 ;;      Params:         0       0       0       0       0       0       0       0       0       0       0       0       
      +0       0       0       0
  1017 ;;      Locals:         0       0       0       0       0       0       0       0       0       0       0       0       
      +0       0       0       0
  1018 ;;      Temps:          0       0       0       0       0       0       0       0       0       0       0       0       
      +0       0       0       0
  1019 ;;      Totals:         0       0       0       0       0       0       0       0       0       0       0       0       
      +0       0       0       0
  1020 ;;Total ram usage:        0 bytes
  1021 ;; Hardware stack levels used:    1
  1022 ;; This function calls:
  1023 ;;		Nothing
  1024 ;; This function is called by:
  1025 ;;		_SYSTEM_Initialize
  1026 ;; This function uses a non-reentrant model
  1027 ;;
  1028                           
  1029                           	psect	text8
  1030  001228                     __ptext8:
  1031                           	callstack 0
  1032  001228                     _SPI1_Initialize:
  1033                           	callstack 29
  1034  001228                     
  1035                           ;mcc_generated_files/spi1.c: 65:     SSP1STAT = 0x40;
  1036  001228  0E40               	movlw	64
  1037  00122A  6EC7               	movwf	199,c	;volatile
  1038                           
  1039                           ;mcc_generated_files/spi1.c: 66:     SSP1CON1 = 0x00;
  1040  00122C  0E00               	movlw	0
  1041  00122E  6EC6               	movwf	198,c	;volatile
  1042                           
  1043                           ;mcc_generated_files/spi1.c: 67:     SSP1ADD = 0x01;
  1044  001230  0E01               	movlw	1
  1045  001232  6EC8               	movwf	200,c	;volatile
  1046  001234                     
  1047                           ;mcc_generated_files/spi1.c: 68:     TRISBbits.TRISB4 = 0;
  1048  001234  9893               	bcf	147,4,c	;volatile
  1049  001236                     
  1050                           ;mcc_generated_files/spi1.c: 69:     SSP1CON1bits.SSPEN = 0;
  1051  001236  9AC6               	bcf	198,5,c	;volatile
  1052  001238  0012               	return		;funcret
  1053  00123A                     __end_of_SPI1_Initialize:
  1054                           	callstack 0
  1055                           
  1056 ;; *************** function _PIN_MANAGER_Initialize *****************
  1057 ;; Defined at:
  1058 ;;		line 52 in file "mcc_generated_files/pin_manager.c"
  1059 ;; Parameters:    Size  Location     Type
  1060 ;;		None
  1061 ;; Auto vars:     Size  Location     Type
  1062 ;;		None
  1063 ;; Return value:  Size  Location     Type
  1064 ;;                  1    wreg      void 
  1065 ;; Registers used:
  1066 ;;		wreg, status,2
  1067 ;; Tracked objects:
  1068 ;;		On entry : 0/0
  1069 ;;		On exit  : 0/0
  1070 ;;		Unchanged: 0/0
  1071 ;; Data sizes:     COMRAM   BANK0   BANK1   BANK2   BANK3   BANK4   BANK5   BANK6   BANK7   BANK8   BANK9  BANK10  BANK1
      +1  BANK12  BANK13  BANK14
  1072 ;;      Params:         0       0       0       0       0       0       0       0       0       0       0       0       
      +0       0       0       0
  1073 ;;      Locals:         0       0       0       0       0       0       0       0       0       0       0       0       
      +0       0       0       0
  1074 ;;      Temps:          0       0       0       0       0       0       0       0       0       0       0       0       
      +0       0       0       0
  1075 ;;      Totals:         0       0       0       0       0       0       0       0       0       0       0       0       
      +0       0       0       0
  1076 ;;Total ram usage:        0 bytes
  1077 ;; Hardware stack levels used:    1
  1078 ;; This function calls:
  1079 ;;		Nothing
  1080 ;; This function is called by:
  1081 ;;		_SYSTEM_Initialize
  1082 ;; This function uses a non-reentrant model
  1083 ;;
  1084                           
  1085                           	psect	text9
  1086  0011E2                     __ptext9:
  1087                           	callstack 0
  1088  0011E2                     _PIN_MANAGER_Initialize:
  1089                           	callstack 29
  1090  0011E2                     
  1091                           ;mcc_generated_files/pin_manager.c: 57:     LATA = 0x00;
  1092  0011E2  0E00               	movlw	0
  1093  0011E4  6E89               	movwf	137,c	;volatile
  1094                           
  1095                           ;mcc_generated_files/pin_manager.c: 58:     LATB = 0x03;
  1096  0011E6  0E03               	movlw	3
  1097  0011E8  6E8A               	movwf	138,c	;volatile
  1098                           
  1099                           ;mcc_generated_files/pin_manager.c: 59:     LATC = 0x00;
  1100  0011EA  0E00               	movlw	0
  1101  0011EC  6E8B               	movwf	139,c	;volatile
  1102                           
  1103                           ;mcc_generated_files/pin_manager.c: 64:     TRISA = 0xED;
  1104  0011EE  0EED               	movlw	237
  1105  0011F0  6E92               	movwf	146,c	;volatile
  1106                           
  1107                           ;mcc_generated_files/pin_manager.c: 65:     TRISB = 0xEC;
  1108  0011F2  0EEC               	movlw	236
  1109  0011F4  6E93               	movwf	147,c	;volatile
  1110                           
  1111                           ;mcc_generated_files/pin_manager.c: 66:     TRISC = 0x47;
  1112  0011F6  0E47               	movlw	71
  1113  0011F8  6E94               	movwf	148,c	;volatile
  1114                           
  1115                           ;mcc_generated_files/pin_manager.c: 71:     ANCON0 = 0x03;
  1116  0011FA  0E03               	movlw	3
  1117  0011FC  010F               	movlb	15	; () banked
  1118  0011FE  6F48               	movwf	72,b	;volatile
  1119                           
  1120                           ;mcc_generated_files/pin_manager.c: 72:     ANCON1 = 0x14;
  1121  001200  0E14               	movlw	20
  1122  001202  6F49               	movwf	73,b	;volatile
  1123  001204                     
  1124                           ; BSR set to: 15
  1125                           ;mcc_generated_files/pin_manager.c: 77:     INTCON2bits.nRBPU = 1;
  1126  001204  8EF1               	bsf	241,7,c	;volatile
  1127                           
  1128                           ;mcc_generated_files/pin_manager.c: 82:     ODCON1 = 0x00;
  1129  001206  0E00               	movlw	0
  1130  001208  6F42               	movwf	66,b	;volatile
  1131                           
  1132                           ;mcc_generated_files/pin_manager.c: 83:     ODCON2 = 0x00;
  1133  00120A  0E00               	movlw	0
  1134  00120C  6F41               	movwf	65,b	;volatile
  1135                           
  1136                           ;mcc_generated_files/pin_manager.c: 84:     ODCON3 = 0x00;
  1137  00120E  0E00               	movlw	0
  1138  001210  6F40               	movwf	64,b	;volatile
  1139  001212                     
  1140                           ; BSR set to: 15
  1141  001212  0012               	return		;funcret
  1142  001214                     __end_of_PIN_MANAGER_Initialize:
  1143                           	callstack 0
  1144                           
  1145 ;; *************** function _OSCILLATOR_Initialize *****************
  1146 ;; Defined at:
  1147 ;;		line 58 in file "mcc_generated_files/mcc.c"
  1148 ;; Parameters:    Size  Location     Type
  1149 ;;		None
  1150 ;; Auto vars:     Size  Location     Type
  1151 ;;		None
  1152 ;; Return value:  Size  Location     Type
  1153 ;;                  1    wreg      void 
  1154 ;; Registers used:
  1155 ;;		wreg, status,2
  1156 ;; Tracked objects:
  1157 ;;		On entry : 0/0
  1158 ;;		On exit  : 0/0
  1159 ;;		Unchanged: 0/0
  1160 ;; Data sizes:     COMRAM   BANK0   BANK1   BANK2   BANK3   BANK4   BANK5   BANK6   BANK7   BANK8   BANK9  BANK10  BANK1
      +1  BANK12  BANK13  BANK14
  1161 ;;      Params:         0       0       0       0       0       0       0       0       0       0       0       0       
      +0       0       0       0
  1162 ;;      Locals:         0       0       0       0       0       0       0       0       0       0       0       0       
      +0       0       0       0
  1163 ;;      Temps:          0       0       0       0       0       0       0       0       0       0       0       0       
      +0       0       0       0
  1164 ;;      Totals:         0       0       0       0       0       0       0       0       0       0       0       0       
      +0       0       0       0
  1165 ;;Total ram usage:        0 bytes
  1166 ;; Hardware stack levels used:    1
  1167 ;; This function calls:
  1168 ;;		Nothing
  1169 ;; This function is called by:
  1170 ;;		_SYSTEM_Initialize
  1171 ;; This function uses a non-reentrant model
  1172 ;;
  1173                           
  1174                           	psect	text10
  1175  001214                     __ptext10:
  1176                           	callstack 0
  1177  001214                     _OSCILLATOR_Initialize:
  1178                           	callstack 29
  1179  001214                     
  1180                           ;mcc_generated_files/mcc.c: 61:     OSCCON = 0x73;
  1181  001214  0E73               	movlw	115
  1182  001216  6ED3               	movwf	211,c	;volatile
  1183                           
  1184                           ;mcc_generated_files/mcc.c: 63:     OSCTUNE = 0x00;
  1185  001218  0E00               	movlw	0
  1186  00121A  6E9B               	movwf	155,c	;volatile
  1187                           
  1188                           ;mcc_generated_files/mcc.c: 65:     REFOCON = 0x00;
  1189  00121C  0E00               	movlw	0
  1190  00121E  010F               	movlb	15	; () banked
  1191  001220  6F3D               	movwf	61,b	;volatile
  1192                           
  1193                           ;mcc_generated_files/mcc.c: 67:     OSCCON2 = 0x14;
  1194  001222  0E14               	movlw	20
  1195  001224  6E87               	movwf	135,c	;volatile
  1196  001226                     
  1197                           ; BSR set to: 15
  1198  001226  0012               	return		;funcret
  1199  001228                     __end_of_OSCILLATOR_Initialize:
  1200                           	callstack 0
  1201                           
  1202                           	psect	rparam
  1203  0000                     
  1204                           	psect	config
  1205                           
  1206                           ;Config register CONFIG1L @ 0x1FFF8
  1207                           ;	Watchdog Timer
  1208                           ;	WDTEN = OFF, Disabled - Controlled by SWDTEN bit
  1209                           ;	PLL Prescaler Selection
  1210                           ;	PLLDIV = 1, No prescale (4 MHz oscillator input drives PLL directly)
  1211                           ;	PLL Enable Configuration Bit
  1212                           ;	CFGPLLEN = OFF, PLL Disabled
  1213                           ;	Stack Overflow/Underflow Reset
  1214                           ;	STVREN = OFF, Disabled
  1215                           ;	Extended Instruction Set
  1216                           ;	XINST = OFF, Disabled
  1217  1FFF8                     	org	131064
  1218  1FFF8  9E                 	db	158
  1219                           
  1220                           ;Config register CONFIG1H @ 0x1FFF9
  1221                           ;	CPU System Clock Postscaler
  1222                           ;	CPUDIV = OSC1, No CPU system clock divide
  1223                           ;	Code Protect
  1224                           ;	CP0 = OFF, Program memory is not code-protected
  1225  1FFF9                     	org	131065
  1226  1FFF9  F7                 	db	247
  1227                           
  1228                           ;Config register CONFIG2L @ 0x1FFFA
  1229                           ;	Oscillator
  1230                           ;	OSC = INTOSCO, INTOSCO (CLKO-RA6)
  1231                           ;	T1OSC/SOSC Power Selection Bits
  1232                           ;	SOSCSEL = DIG, Digital (SCLKI) mode selected
  1233                           ;	EC Clock Out Enable Bit
  1234                           ;	CLKOEC = ON, CLKO output enabled on the RA6 pin
  1235                           ;	Fail-Safe Clock Monitor
  1236                           ;	FCMEN = OFF, Disabled
  1237                           ;	Internal External Oscillator Switch Over Mode
  1238                           ;	IESO = OFF, Disabled
  1239  1FFFA                     	org	131066
  1240  1FFFA  31                 	db	49
  1241                           
  1242                           ;Config register CONFIG2H @ 0x1FFFB
  1243                           ;	Watchdog Postscaler
  1244                           ;	WDTPS = 32768, 1:32768
  1245  1FFFB                     	org	131067
  1246  1FFFB  FF                 	db	255
  1247                           
  1248                           ;Config register CONFIG3L @ 0x1FFFC
  1249                           ;	DSWDT Clock Select
  1250                           ;	DSWDTOSC = INTOSCREF, DSWDT uses INTRC
  1251                           ;	RTCC Clock Select
  1252                           ;	RTCOSC = T1OSCREF, RTCC uses T1OSC/T1CKI
  1253                           ;	Deep Sleep BOR
  1254                           ;	DSBOREN = OFF, Disabled
  1255                           ;	Deep Sleep Watchdog Timer
  1256                           ;	DSWDTEN = OFF, Disabled
  1257                           ;	Deep Sleep Watchdog Postscaler
  1258                           ;	DSWDTPS = G2, 1:2,147,483,648 (25.7 days)
  1259  1FFFC                     	org	131068
  1260  1FFFC  F3                 	db	243
  1261                           
  1262                           ;Config register CONFIG3H @ 0x1FFFD
  1263                           ;	IOLOCK One-Way Set Enable bit
  1264                           ;	IOL1WAY = ON, The IOLOCK bit (PPSCON<0>) can be set once
  1265                           ;	ADC 10 or 12 Bit Select
  1266                           ;	ADCSEL = BIT10, 10 - Bit ADC Enabled
  1267                           ;	MSSP address masking
  1268                           ;	MSSP7B_EN = MSK7, 7 Bit address masking mode
  1269  1FFFD                     	org	131069
  1270  1FFFD  FB                 	db	251
  1271                           
  1272                           ;Config register CONFIG4L @ 0x1FFFE
  1273                           ;	Write/Erase Protect Page Start/End Location
  1274                           ;	WPFP = PAGE_127, Write Protect Program Flash Page 127
  1275                           ;	Write/Erase Protect Configuration Region
  1276                           ;	WPCFG = OFF, Configuration Words page not erase/write-protected
  1277  1FFFE                     	org	131070
  1278  1FFFE  FF                 	db	255
  1279                           
  1280                           ;Config register CONFIG4H @ 0x1FFFF
  1281                           ;	Write Protect Disable bit
  1282                           ;	WPDIS = OFF, WPFP<6:0>/WPEND region ignored
  1283                           ;	Write/Erase Protect Region Select bit (valid when WPDIS = 0)
  1284                           ;	WPEND = PAGE_WPFP, Pages WPFP<6:0> through Configuration Words erase/write protected
  1285                           ;	Low Speed USB mode with 48 MHz system clock bit
  1286                           ;	LS48MHZ = SYS48X8, System clock at 48 MHz USB CLKEN divide-by is set to 8
  1287  1FFFF                     	org	131071
  1288  1FFFF  FB                 	db	251
  1289                           tosu	equ	0xFFF
  1290                           tosh	equ	0xFFE
  1291                           tosl	equ	0xFFD
  1292                           stkptr	equ	0xFFC
  1293                           pclatu	equ	0xFFB
  1294                           pclath	equ	0xFFA
  1295                           pcl	equ	0xFF9
  1296                           tblptru	equ	0xFF8
  1297                           tblptrh	equ	0xFF7
  1298                           tblptrl	equ	0xFF6
  1299                           tablat	equ	0xFF5
  1300                           prodh	equ	0xFF4
  1301                           prodl	equ	0xFF3
  1302                           indf0	equ	0xFEF
  1303                           postinc0	equ	0xFEE
  1304                           postdec0	equ	0xFED
  1305                           preinc0	equ	0xFEC
  1306                           plusw0	equ	0xFEB
  1307                           fsr0h	equ	0xFEA
  1308                           fsr0l	equ	0xFE9
  1309                           wreg	equ	0xFE8
  1310                           indf1	equ	0xFE7
  1311                           postinc1	equ	0xFE6
  1312                           postdec1	equ	0xFE5
  1313                           preinc1	equ	0xFE4
  1314                           plusw1	equ	0xFE3
  1315                           fsr1h	equ	0xFE2
  1316                           fsr1l	equ	0xFE1
  1317                           bsr	equ	0xFE0
  1318                           indf2	equ	0xFDF
  1319                           postinc2	equ	0xFDE
  1320                           postdec2	equ	0xFDD
  1321                           preinc2	equ	0xFDC
  1322                           plusw2	equ	0xFDB
  1323                           fsr2h	equ	0xFDA
  1324                           fsr2l	equ	0xFD9
  1325                           status	equ	0xFD8

Data Sizes:
    Strings     0
    Constant    4
    Data        0
    BSS         0
    Persistent  0
    Stack       0

Auto Spaces:
    Space          Size  Autos    Used
    COMRAM           95     32      32
    BANK0           160      0       0
    BANK1           256      0       0
    BANK2           256      0       0
    BANK3           256      0       0
    BANK4           256      0       0
    BANK5           256      0       0
    BANK6           256      0       0
    BANK7           256      0       0
    BANK8           256      0       0
    BANK9           256      0       0
    BANK10          256      0       0
    BANK11          256      0       0
    BANK12          256      0       0
    BANK13          256      0       0
    BANK14          176      0       0

Pointer List with Targets:

    None.

Critical Paths under _main in COMRAM

    _main->_readloadcell
    _writepot->_SPI1_Open
    _readloadcell->___lldiv

Critical Paths under _main in BANK0

    None.

Critical Paths under _main in BANK1

    None.

Critical Paths under _main in BANK2

    None.

Critical Paths under _main in BANK3

    None.

Critical Paths under _main in BANK4

    None.

Critical Paths under _main in BANK5

    None.

Critical Paths under _main in BANK6

    None.

Critical Paths under _main in BANK7

    None.

Critical Paths under _main in BANK8

    None.

Critical Paths under _main in BANK9

    None.

Critical Paths under _main in BANK10

    None.

Critical Paths under _main in BANK11

    None.

Critical Paths under _main in BANK12

    None.

Critical Paths under _main in BANK13

    None.

Critical Paths under _main in BANK14

    None.

Call Graph Tables:

 ---------------------------------------------------------------------------------
 (Depth) Function   	        Calls       Base Space   Used Autos Params    Refs
 ---------------------------------------------------------------------------------
 (0) _main                                                 5     5      0     770
                                             27 COMRAM     5     5      0
                  _SYSTEM_Initialize
                       _readloadcell
                           _writepot
 ---------------------------------------------------------------------------------
 (1) _writepot                                             1     1      0      90
                                              2 COMRAM     1     1      0
                         _SPI1_Close
                          _SPI1_Open
                     _SPI1_WriteByte
 ---------------------------------------------------------------------------------
 (2) _SPI1_WriteByte                                       1     1      0      15
                                              0 COMRAM     1     1      0
 ---------------------------------------------------------------------------------
 (2) _SPI1_Open                                            2     2      0      60
                                              0 COMRAM     2     2      0
 ---------------------------------------------------------------------------------
 (2) _SPI1_Close                                           0     0      0       0
 ---------------------------------------------------------------------------------
 (1) _readloadcell                                        14    10      4     630
                                             13 COMRAM    14    10      4
                            ___lldiv
 ---------------------------------------------------------------------------------
 (2) ___lldiv                                             13     5      8     314
                                              0 COMRAM    13     5      8
 ---------------------------------------------------------------------------------
 (1) _SYSTEM_Initialize                                    0     0      0       0
              _OSCILLATOR_Initialize
             _PIN_MANAGER_Initialize
                    _SPI1_Initialize
 ---------------------------------------------------------------------------------
 (2) _SPI1_Initialize                                      0     0      0       0
 ---------------------------------------------------------------------------------
 (2) _PIN_MANAGER_Initialize                               0     0      0       0
 ---------------------------------------------------------------------------------
 (2) _OSCILLATOR_Initialize                                0     0      0       0
 ---------------------------------------------------------------------------------
 Estimated maximum stack depth 2
 ---------------------------------------------------------------------------------

 Call Graph Graphs:

 _main (ROOT)
   _SYSTEM_Initialize
     _OSCILLATOR_Initialize
     _PIN_MANAGER_Initialize
     _SPI1_Initialize
   _readloadcell
     ___lldiv
   _writepot
     _SPI1_Close
     _SPI1_Open
     _SPI1_WriteByte

 Address spaces:
Name               Size   Autos  Total    Cost      Usage
BITCOMRAM           5F      0       0       0        0.0%
NULL                 0      0       0       0        0.0%
CODE                 0      0       0       0        0.0%
COMRAM              5F     20      20       1       33.7%
STACK                0      0       0       2        0.0%
DATA                 0      0       0       3        0.0%
BITBANK0            A0      0       0       4        0.0%
BANK0               A0      0       0       5        0.0%
ABS                  0      0       0       6        0.0%
BITBANK1           100      0       0       7        0.0%
BANK1              100      0       0       8        0.0%
BITBANK2           100      0       0       9        0.0%
BANK2              100      0       0      10        0.0%
BITBANK3           100      0       0      11        0.0%
BANK3              100      0       0      12        0.0%
BITBANK4           100      0       0      13        0.0%
BANK4              100      0       0      14        0.0%
BITBANK5           100      0       0      15        0.0%
BANK5              100      0       0      16        0.0%
BITBANK6           100      0       0      17        0.0%
BANK6              100      0       0      18        0.0%
BITBANK7           100      0       0      19        0.0%
BANK7              100      0       0      20        0.0%
BITBANK8           100      0       0      21        0.0%
BANK8              100      0       0      22        0.0%
BITBANK9           100      0       0      23        0.0%
BANK9              100      0       0      24        0.0%
BITBANK10          100      0       0      25        0.0%
BANK10             100      0       0      26        0.0%
BITBANK11          100      0       0      27        0.0%
BANK11             100      0       0      28        0.0%
BITBANK12          100      0       0      29        0.0%
BANK12             100      0       0      30        0.0%
BITBANK13          100      0       0      31        0.0%
BANK13             100      0       0      32        0.0%
BITBANK14           B0      0       0      33        0.0%
BANK14              B0      0       0      34        0.0%
BIGRAM             EAF      0       0      35        0.0%
BITSFR_2             0      0       0     200        0.0%
SFR_2                0      0       0     200        0.0%
BITSFR_1             0      0       0     200        0.0%
SFR_1                0      0       0     200        0.0%
BITSFR               0      0       0     200        0.0%
SFR                  0      0       0     200        0.0%


Microchip Technology PIC18 Macro Assembler V2.30 build 20200825195618 
Symbol Table                                                                                   Wed Apr 07 11:23:31 2021

              SPI1_WriteByte@byte 0001                                l21 1238  
                              l25 1118                                l28 1260  
                              l81 1226                                l58 125C  
                              l78 1254                                u10 1096  
                              u11 1092                               l110 1212  
                             l144 11E0                               l153 0FE0  
                             l148 0F9E                               l149 0F26  
                             l190 1084                               l183 1074  
                             l831 1234                               l833 1236  
                             l841 10CE                               l843 10EC  
                             l835 1088                               l851 1258  
                             l931 11A2                               l853 11E2  
                             l829 1228                               l845 1116  
                             l837 1096                               l941 11C0  
                             l933 11AA                               l855 1204  
                             l839 10CA                               l943 11C8  
                             l935 11B0                               l857 1214  
                             l849 125E                               l945 11CC  
                             l937 11B6                               l929 11A0  
                             l883 1248                               l947 11D4  
                             l939 11BA                               l949 11D6  
                             u130 1008                               u131 1004  
                             u140 102A                               u141 1026  
                             u150 1052                               u151 104E  
                             u207 115E                               u160 0F3C  
                             u161 0F38                               u217 118E  
                             u170 0F7E                               u171 0F7A  
                             u227 11A4                               u180 0F9E  
                             u181 0F9A                               u237 11C2  
                             u247 11D8                               u257 0F2A  
                             u267 0F5A                               u277 0FA2  
                             u197 1130                               u287 0FD6  
                             wreg 000FE8                              l1001 0FE2  
                            l1011 102A                              l1003 0FF2  
                            l1021 106E                              l1013 1034  
                            l1005 1008                              l1015 1052  
                            l1007 1010                              l1023 0F06  
                            l1017 1062                              l1009 101C  
                            l1041 0F4C                              l1019 1064  
                            l1051 0F7E                              l1043 0F56  
                            l1035 0F28                              l1061 0FD0  
                            l1053 0F82                              l1045 0F58  
                            l1037 0F2E                              l1029 0F1E  
                            l1063 0FDE                              l1055 0FA0  
                            l1047 0F5E                              l1039 0F3C  
                            l1071 1126                              l1057 0FA6  
                            l1049 0F62                              l1081 1182  
                            l1073 113E                              l1059 0FA8  
                            l1083 1188                              l1075 1154  
                            l1067 111A                              l1077 1154  
                            l1069 1122                              l1079 116C  
                            _LATA 000F89                              _LATB 000F8A  
                            _LATC 000F8B                              _main 111A  
                   readloadcell@i 001A                     readloadcell@x 0018  
                            prodh 000FF4                              prodl 000FF3  
                            start 0000                      ___param_bank 000000  
  __size_of_OSCILLATOR_Initialize 0014     __end_of_OSCILLATOR_Initialize 1228  
                     ?_SPI1_Close 0001                             ?_main 0001  
SPI1_Open@spi1UniqueConfiguration 0002                   __end_of___lldiv 1086  
                           _TRISA 000F92                             _TRISB 000F93  
                           _TRISC 000F94                __size_of_SPI1_Open 0094  
                           tablat 000FF5                             status 000FD8  
        __size_of_SPI1_Initialize 0012           __size_of_SPI1_WriteByte 0008  
                 __initialization 123A                      __end_of_main 119E  
                          ??_main 001C                     __activetblptr 000001  
                          _ANCON0 000F48                            _ANCON1 000F49  
                          _ODCON1 000F42                            _ODCON2 000F41  
                          _ODCON3 000F40                            _OSCCON 000FD3  
             __size_of_SPI1_Close 0004                 __end_of_SPI1_Open 111A  
                       ??___lldiv 0009                     ?_readloadcell 000E  
                    __mediumconst 0000                            tblptrh 000FF7  
                          tblptrl 000FF6                            tblptru 000FF8  
               _SYSTEM_Initialize 1248                  __end_of_writepot 11E2  
                      __accesstop 0060           __end_of__initialization 123A  
              ?_SYSTEM_Initialize 0001                     ___rparam_used 000001  
                  __pcstackCOMRAM 0001               ??_SYSTEM_Initialize 0001  
               ??_SPI1_Initialize 0001                _spi1_configuration 0F01  
                  ??_readloadcell 0012         __end_of_SYSTEM_Initialize 1256  
                  _SPI1_WriteByte 1256                      ??_SPI1_Close 0001  
                         _REFOCON 000F3D                           _OSCCON2 000F87  
                         _OSCTUNE 000F9B                           _SSP1ADD 000FC8  
                         _SSP1BUF 000FC9            __end_of_SPI1_WriteByte 125E  
              __end_of_SPI1_Close 1262                           __Hparam 0000  
                         __Lparam 0000                           ___lldiv 0FE2  
                    __psmallconst 0F00                           __pcinit 123A  
                         __ramtop 0F00                           __ptext0 111A  
                         __ptext1 119E                           __ptext2 1256  
                         __ptext3 1086                           __ptext4 125E  
                         __ptext5 0F06                           __ptext6 0FE2  
                         __ptext7 1248                           __ptext8 1228  
                         __ptext9 11E2                         ?_writepot 0001  
           _OSCILLATOR_Initialize 1214          ??_PIN_MANAGER_Initialize 0001  
      __size_of_SYSTEM_Initialize 000E              end_of_initialization 123A  
                 ?_SPI1_WriteByte 0001              __end_of_readloadcell 0FE2  
                 ___lldiv@divisor 0005                   ___lldiv@counter 000D  
                       _SPI1_Open 1086                         _PORTAbits 000F80  
                      ??_writepot 0003                         _TRISBbits 000F93  
                 _SPI1_Initialize 1228                        ?_SPI1_Open 0001  
          ?_OSCILLATOR_Initialize 0001               start_initialization 123A  
 __size_of_PIN_MANAGER_Initialize 0032           __end_of_SPI1_Initialize 123A  
           __size_of_readloadcell 00DC            _PIN_MANAGER_Initialize 11E2  
                        ?___lldiv 0001                       ??_SPI1_Open 0001  
                     __smallconst 0F00                      _readloadcell 0F06  
               __size_of_writepot 0044                  ??_SPI1_WriteByte 0001  
                        _LATAbits 000F89                          _LATBbits 000F8A  
                        _PIR1bits 000F9E                          _SSP1CON1 000FC6  
                        _SSP1CON2 000FC5                          _SSP1STAT 000FC7  
                       main@load2 001F                  ?_SPI1_Initialize 0001  
                     _INTCON2bits 000FF1                          __Hrparam 0000  
                        __Lrparam 0000                      __Lsmallconst 0F00  
         ??_OSCILLATOR_Initialize 0001                  __size_of___lldiv 00A4  
                        __ptext10 1214                      _SSP1CON1bits 000FC6  
                   __size_of_main 0084           readloadcell@sensitivity 000E  
               readloadcell@data1 0013                 readloadcell@data2 0014  
                        main@diff 001E                          main@load 0020  
                        _writepot 119E                        _INTCONbits 000FF2  
                ___lldiv@dividend 0001           ?_PIN_MANAGER_Initialize 0001  
                       writepot@i 0003                        _SPI1_Close 125E  
                ___lldiv@quotient 0009    __end_of_PIN_MANAGER_Initialize 1214  
      __end_of_spi1_configuration 0F05  
